extensions/leanback/buildout/outputs/logs/manifest-merger-debug-report.txt
-- Merging decision tree log ---
manifest
ADDED from src/main/AndroidManifest.xml:17:1-21:12
INJECTED from src/main/AndroidManifest.xml:17:1-21:12
INJECTED from src/main/AndroidManifest.xml:17:1-21:12
	package
		ADDED from src/main/AndroidManifest.xml:18:3-55
		INJECTED from src/main/AndroidManifest.xml
		INJECTED from src/main/AndroidManifest.xml
	xmlns:tools
		ADDED from src/main/AndroidManifest.xml:17:11-57
	xmlns:android
		ADDED from src/main/AndroidManifest.xml:17:1-21:12
	tools:ignore
		ADDED from src/main/AndroidManifest.xml:19:3-91
uses-sdk
ADDED from src/main/AndroidManifest.xml:20:3-15
INJECTED from src/main/AndroidManifest.xml:20:3-15
INJECTED from src/main/AndroidManifest.xml:20:3-15
INJECTED from src/main/AndroidManifest.xml:20:3-15
INJECTED from src/main/AndroidManifest.xml:20:3-15
	android:targetSdkVersion
		INJECTED from src/main/AndroidManifest.xml
		ADDED from src/main/AndroidManifest.xml:20:3-15
		INJECTED from src/main/AndroidManifest.xml
	android:minSdkVersion
		INJECTED from src/main/AndroidManifest.xml
		ADDED from src/main/AndroidManifest.xml:20:3-15
		INJECTED from src/main/AndroidManifest.xml